F:\Anaconda3\python.exe "F:/Program Files/score-system/app.py"
Traceback (most recent call last):
  File "F:\Anaconda3\Lib\site-packages\sqlalchemy\engine\create.py", line 752, in first_connect
    dialect.initialize(c)
  File "F:\Anaconda3\Lib\site-packages\sqlalchemy\dialects\postgresql\psycopg2.py", line 683, in initialize
    super().initialize(connection)
  File "F:\Anaconda3\Lib\site-packages\sqlalchemy\dialects\postgresql\base.py", line 3245, in initialize
    super().initialize(connection)
  File "F:\Anaconda3\Lib\site-packages\sqlalchemy\engine\default.py", line 536, in initialize
    self.default_isolation_level = self.get_default_isolation_level(
                                   ^^^^^^^^^^^^^^^^^^^^^^^^^^^^^^^^^
  File "F:\Anaconda3\Lib\site-packages\sqlalchemy\engine\default.py", line 587, in get_default_isolation_level
    return self.get_isolation_level(dbapi_conn)
           ^^^^^^^^^^^^^^^^^^^^^^^^^^^^^^^^^^^^
  File "F:\Anaconda3\Lib\site-packages\sqlalchemy\dialects\postgresql\base.py", line 3279, in get_isolation_level
    cursor.execute("show transaction isolation level")
psycopg2.OperationalError: server closed the connection unexpectedly
	This probably means the server terminated abnormally
	before or while processing the request.
server closed the connection unexpectedly
	This probably means the server terminated abnormally
	before or while processing the request.


During handling of the above exception, another exception occurred:

Traceback (most recent call last):
  File "F:\Anaconda3\Lib\site-packages\sqlalchemy\engine\base.py", line 145, in __init__
    self._dbapi_connection = engine.raw_connection()
                             ^^^^^^^^^^^^^^^^^^^^^^^
  File "F:\Anaconda3\Lib\site-packages\sqlalchemy\engine\base.py", line 3297, in raw_connection
    return self.pool.connect()
           ^^^^^^^^^^^^^^^^^^^
  File "F:\Anaconda3\Lib\site-packages\sqlalchemy\pool\base.py", line 449, in connect
    return _ConnectionFairy._checkout(self)
           ^^^^^^^^^^^^^^^^^^^^^^^^^^^^^^^^
  File "F:\Anaconda3\Lib\site-packages\sqlalchemy\pool\base.py", line 1264, in _checkout
    fairy = _ConnectionRecord.checkout(pool)
            ^^^^^^^^^^^^^^^^^^^^^^^^^^^^^^^^
  File "F:\Anaconda3\Lib\site-packages\sqlalchemy\pool\base.py", line 713, in checkout
    rec = pool._do_get()
          ^^^^^^^^^^^^^^
  File "F:\Anaconda3\Lib\site-packages\sqlalchemy\pool\impl.py", line 179, in _do_get
    with util.safe_reraise():
  File "F:\Anaconda3\Lib\site-packages\sqlalchemy\util\langhelpers.py", line 224, in __exit__
    raise exc_value.with_traceback(exc_tb)
  File "F:\Anaconda3\Lib\site-packages\sqlalchemy\pool\impl.py", line 177, in _do_get
    return self._create_connection()
           ^^^^^^^^^^^^^^^^^^^^^^^^^
  File "F:\Anaconda3\Lib\site-packages\sqlalchemy\pool\base.py", line 390, in _create_connection
    return _ConnectionRecord(self)
           ^^^^^^^^^^^^^^^^^^^^^^^
  File "F:\Anaconda3\Lib\site-packages\sqlalchemy\pool\base.py", line 675, in __init__
    self.__connect()
  File "F:\Anaconda3\Lib\site-packages\sqlalchemy\pool\base.py", line 915, in __connect
    )._exec_w_sync_on_first_run(self.dbapi_connection, self)
      ^^^^^^^^^^^^^^^^^^^^^^^^^^^^^^^^^^^^^^^^^^^^^^^^^^^^^^
  File "F:\Anaconda3\Lib\site-packages\sqlalchemy\event\attr.py", line 483, in _exec_w_sync_on_first_run
    self(*args, **kw)
  File "F:\Anaconda3\Lib\site-packages\sqlalchemy\event\attr.py", line 497, in __call__
    fn(*args, **kw)
  File "F:\Anaconda3\Lib\site-packages\sqlalchemy\util\langhelpers.py", line 1997, in go
    return once_fn(*arg, **kw)
           ^^^^^^^^^^^^^^^^^^^
  File "F:\Anaconda3\Lib\site-packages\sqlalchemy\engine\create.py", line 760, in first_connect
    dialect.do_rollback(c.connection)
  File "F:\Anaconda3\Lib\site-packages\sqlalchemy\engine\default.py", line 703, in do_rollback
    dbapi_connection.rollback()
psycopg2.InterfaceError: connection already closed

The above exception was the direct cause of the following exception:

Traceback (most recent call last):
  File "F:\Program Files\score-system\app.py", line 622, in <module>
    init_db()
  File "F:\Program Files\score-system\app.py", line 52, in init_db
    db.create_all()
  File "F:\Anaconda3\Lib\site-packages\flask_sqlalchemy\extension.py", line 900, in create_all
    self._call_for_binds(bind_key, "create_all")
  File "F:\Anaconda3\Lib\site-packages\flask_sqlalchemy\extension.py", line 881, in _call_for_binds
    getattr(metadata, op_name)(bind=engine)
  File "F:\Anaconda3\Lib\site-packages\sqlalchemy\sql\schema.py", line 5924, in create_all
    bind._run_ddl_visitor(
  File "F:\Anaconda3\Lib\site-packages\sqlalchemy\engine\base.py", line 3247, in _run_ddl_visitor
    with self.begin() as conn:
  File "F:\Anaconda3\Lib\contextlib.py", line 137, in __enter__
    return next(self.gen)
           ^^^^^^^^^^^^^^
  File "F:\Anaconda3\Lib\site-packages\sqlalchemy\engine\base.py", line 3237, in begin
    with self.connect() as conn:
         ^^^^^^^^^^^^^^
  File "F:\Anaconda3\Lib\site-packages\sqlalchemy\engine\base.py", line 3273, in connect
    return self._connection_cls(self)
           ^^^^^^^^^^^^^^^^^^^^^^^^^^
  File "F:\Anaconda3\Lib\site-packages\sqlalchemy\engine\base.py", line 147, in __init__
    Connection._handle_dbapi_exception_noconnection(
  File "F:\Anaconda3\Lib\site-packages\sqlalchemy\engine\base.py", line 2436, in _handle_dbapi_exception_noconnection
    raise sqlalchemy_exception.with_traceback(exc_info[2]) from e
  File "F:\Anaconda3\Lib\site-packages\sqlalchemy\engine\base.py", line 145, in __init__
    self._dbapi_connection = engine.raw_connection()
                             ^^^^^^^^^^^^^^^^^^^^^^^
  File "F:\Anaconda3\Lib\site-packages\sqlalchemy\engine\base.py", line 3297, in raw_connection
    return self.pool.connect()
           ^^^^^^^^^^^^^^^^^^^
  File "F:\Anaconda3\Lib\site-packages\sqlalchemy\pool\base.py", line 449, in connect
    return _ConnectionFairy._checkout(self)
           ^^^^^^^^^^^^^^^^^^^^^^^^^^^^^^^^
  File "F:\Anaconda3\Lib\site-packages\sqlalchemy\pool\base.py", line 1264, in _checkout
    fairy = _ConnectionRecord.checkout(pool)
            ^^^^^^^^^^^^^^^^^^^^^^^^^^^^^^^^
  File "F:\Anaconda3\Lib\site-packages\sqlalchemy\pool\base.py", line 713, in checkout
    rec = pool._do_get()
          ^^^^^^^^^^^^^^
  File "F:\Anaconda3\Lib\site-packages\sqlalchemy\pool\impl.py", line 179, in _do_get
    with util.safe_reraise():
  File "F:\Anaconda3\Lib\site-packages\sqlalchemy\util\langhelpers.py", line 224, in __exit__
    raise exc_value.with_traceback(exc_tb)
  File "F:\Anaconda3\Lib\site-packages\sqlalchemy\pool\impl.py", line 177, in _do_get
    return self._create_connection()
           ^^^^^^^^^^^^^^^^^^^^^^^^^
  File "F:\Anaconda3\Lib\site-packages\sqlalchemy\pool\base.py", line 390, in _create_connection
    return _ConnectionRecord(self)
           ^^^^^^^^^^^^^^^^^^^^^^^
  File "F:\Anaconda3\Lib\site-packages\sqlalchemy\pool\base.py", line 675, in __init__
    self.__connect()
  File "F:\Anaconda3\Lib\site-packages\sqlalchemy\pool\base.py", line 915, in __connect
    )._exec_w_sync_on_first_run(self.dbapi_connection, self)
      ^^^^^^^^^^^^^^^^^^^^^^^^^^^^^^^^^^^^^^^^^^^^^^^^^^^^^^
  File "F:\Anaconda3\Lib\site-packages\sqlalchemy\event\attr.py", line 483, in _exec_w_sync_on_first_run
    self(*args, **kw)
  File "F:\Anaconda3\Lib\site-packages\sqlalchemy\event\attr.py", line 497, in __call__
    fn(*args, **kw)
  File "F:\Anaconda3\Lib\site-packages\sqlalchemy\util\langhelpers.py", line 1997, in go
    return once_fn(*arg, **kw)
           ^^^^^^^^^^^^^^^^^^^
  File "F:\Anaconda3\Lib\site-packages\sqlalchemy\engine\create.py", line 760, in first_connect
    dialect.do_rollback(c.connection)
  File "F:\Anaconda3\Lib\site-packages\sqlalchemy\engine\default.py", line 703, in do_rollback
    dbapi_connection.rollback()
sqlalchemy.exc.InterfaceError: (psycopg2.InterfaceError) connection already closed
(Background on this error at: https://sqlalche.me/e/20/rvf5)

Process finished with exit code 1
